2024-08-30 09:25:07,380 Request 200 http://api.openweathermap.org/geo/1.0/direct {'user-agent': 'weather-cli/0.0.1'} {'q': 'Test City', 'appid': 'ab01497b830feef11e1577ad2adcdfbb', 'LIMIT': '1'}
2024-08-30 09:25:07,381 Request 200 https://api.openweathermap.org/data/3.0/onecall {'user-agent': 'weather-cli/0.0.1'} {'lat': 10.0, 'lon': 20.0, 'appid': 'ab01497b830feef11e1577ad2adcdfbb', 'units': 'metric', 'exclude': 'minutely,hourly,daily,alerts'}
2024-08-30 09:29:39,683 Request 200 http://api.openweathermap.org/geo/1.0/direct {'user-agent': 'weather-cli/0.0.1'} {'q': 'Test City', 'appid': 'ab01497b830feef11e1577ad2adcdfbb', 'LIMIT': '1'}
2024-08-30 09:29:39,684 Request 200 https://api.openweathermap.org/data/3.0/onecall {'user-agent': 'weather-cli/0.0.1'} {'lat': 10.0, 'lon': 20.0, 'appid': 'ab01497b830feef11e1577ad2adcdfbb', 'units': 'metric', 'exclude': 'minutely,hourly,daily,alerts'}
2024-08-30 09:30:18,264 Request 200 http://api.openweathermap.org/geo/1.0/direct {'user-agent': 'weather-cli/0.0.1'} {'q': 'Test City', 'appid': 'ab01497b830feef11e1577ad2adcdfbb', 'LIMIT': '1'}
2024-08-30 09:30:18,265 Request 200 https://api.openweathermap.org/data/3.0/onecall {'user-agent': 'weather-cli/0.0.1'} {'lat': 10.0, 'lon': 20.0, 'appid': 'ab01497b830feef11e1577ad2adcdfbb', 'units': 'metric', 'exclude': 'minutely,hourly,daily,alerts'}
2024-08-30 09:30:38,945 Request 200 http://api.openweathermap.org/geo/1.0/direct {'user-agent': 'weather-cli/0.0.1'} {'q': 'Test City', 'appid': 'ab01497b830feef11e1577ad2adcdfbb', 'LIMIT': '1'}
2024-08-30 09:30:38,946 Request 200 https://api.openweathermap.org/data/3.0/onecall {'user-agent': 'weather-cli/0.0.1'} {'lat': 10.0, 'lon': 20.0, 'appid': 'ab01497b830feef11e1577ad2adcdfbb', 'units': 'metric', 'exclude': 'minutely,hourly,daily,alerts'}
2024-08-30 09:30:41,021 Request 200 http://api.openweathermap.org/geo/1.0/direct {'user-agent': 'weather-cli/0.0.1'} {'q': 'Test City', 'appid': 'ab01497b830feef11e1577ad2adcdfbb', 'LIMIT': '1'}
2024-08-30 09:30:41,022 Request 200 https://api.openweathermap.org/data/3.0/onecall {'user-agent': 'weather-cli/0.0.1'} {'lat': 10.0, 'lon': 20.0, 'appid': 'ab01497b830feef11e1577ad2adcdfbb', 'units': 'metric', 'exclude': 'minutely,hourly,daily,alerts'}
2024-08-30 09:30:45,345 Request 200 http://api.openweathermap.org/geo/1.0/direct {'user-agent': 'weather-cli/0.0.1'} {'q': 'Test City', 'appid': 'ab01497b830feef11e1577ad2adcdfbb', 'LIMIT': '1'}
2024-08-30 09:30:45,346 Request 200 https://api.openweathermap.org/data/3.0/onecall {'user-agent': 'weather-cli/0.0.1'} {'lat': 10.0, 'lon': 20.0, 'appid': 'ab01497b830feef11e1577ad2adcdfbb', 'units': 'metric', 'exclude': 'minutely,hourly,daily,alerts'}
2024-08-30 10:12:29,408 Request 401 http://api.openweathermap.org/geo/1.0/direct {'user-agent': 'weather-cli/0.0.1'} {'q': 'Sao_Paulo', 'appid': '5f81bf6cac5444a97edfcb4a94a1c10c', 'LIMIT': '1'}
2024-08-30 10:12:29,408 Request error: 401 Client Error: Unauthorized for url: http://api.openweathermap.org/geo/1.0/direct?q=Sao_Paulo&appid=5f81bf6cac5444a97edfcb4a94a1c10c&LIMIT=1
2024-08-30 10:14:00,383 Request 401 http://api.openweathermap.org/geo/1.0/direct {'user-agent': 'weather-cli/0.0.1'} {'q': 'Sao_Paulo', 'appid': '5f81bf6cac5444a97edfcb4a94a1c10c', 'LIMIT': '1'}
2024-08-30 10:14:00,384 Request error: 401 Client Error: Unauthorized for url: http://api.openweathermap.org/geo/1.0/direct?q=Sao_Paulo&appid=5f81bf6cac5444a97edfcb4a94a1c10c&LIMIT=1
2024-08-30 10:15:01,756 Request 401 http://api.openweathermap.org/geo/1.0/direct {'user-agent': 'weather-cli/0.0.1'} {'q': 'Sao_Paulo', 'appid': '5f81bf6cac5444a97edfcb4a94a1c10c', 'LIMIT': '1'}
2024-08-30 10:15:01,756 Request error: 401 Client Error: Unauthorized for url: http://api.openweathermap.org/geo/1.0/direct?q=Sao_Paulo&appid=5f81bf6cac5444a97edfcb4a94a1c10c&LIMIT=1
2024-08-30 10:16:34,333 Request 401 http://api.openweathermap.org/geo/1.0/direct {'user-agent': 'weather-cli/0.0.1'} {'q': 'Sao_Paulo', 'appid': '5f81bf6cac5444a97edfcb4a94a1c10c', 'LIMIT': '1'}
2024-08-30 10:16:34,333 Request error: 401 Client Error: Unauthorized for url: http://api.openweathermap.org/geo/1.0/direct?q=Sao_Paulo&appid=5f81bf6cac5444a97edfcb4a94a1c10c&LIMIT=1
2024-08-30 10:16:52,409 Request 401 http://api.openweathermap.org/geo/1.0/direct {'user-agent': 'weather-cli/0.0.1'} {'q': 'Sao_Paulo', 'appid': '5f81bf6cac5444a97edfcb4a94a1c10c', 'LIMIT': '1'}
2024-08-30 10:16:52,410 Request error: 401 Client Error: Unauthorized for url: http://api.openweathermap.org/geo/1.0/direct?q=Sao_Paulo&appid=5f81bf6cac5444a97edfcb4a94a1c10c&LIMIT=1
2024-08-30 10:17:21,152 Request 401 http://api.openweathermap.org/geo/1.0/direct {'user-agent': 'weather-cli/0.0.1'} {'q': 'Sao_Paulo', 'appid': '55629b6b8ff860e811eab1d623ba6da6', 'LIMIT': '1'}
2024-08-30 10:17:21,152 Request error: 401 Client Error: Unauthorized for url: http://api.openweathermap.org/geo/1.0/direct?q=Sao_Paulo&appid=55629b6b8ff860e811eab1d623ba6da6&LIMIT=1
2024-08-30 10:18:29,414 Request 401 http://api.openweathermap.org/geo/1.0/direct {'user-agent': 'weather-cli/0.0.1'} {'q': 'Sao_Paulo', 'appid': '55629b6b8ff860e811eab1d623ba6da6', 'LIMIT': '1'}
2024-08-30 10:18:29,414 Request error: 401 Client Error: Unauthorized for url: http://api.openweathermap.org/geo/1.0/direct?q=Sao_Paulo&appid=55629b6b8ff860e811eab1d623ba6da6&LIMIT=1
2024-08-30 10:18:31,778 Request 401 http://api.openweathermap.org/geo/1.0/direct {'user-agent': 'weather-cli/0.0.1'} {'q': 'Sao_Paulo', 'appid': '55629b6b8ff860e811eab1d623ba6da6', 'LIMIT': '1'}
2024-08-30 10:18:31,778 Request error: 401 Client Error: Unauthorized for url: http://api.openweathermap.org/geo/1.0/direct?q=Sao_Paulo&appid=55629b6b8ff860e811eab1d623ba6da6&LIMIT=1
2024-08-30 10:20:06,339 Request 401 http://api.openweathermap.org/geo/1.0/direct {'user-agent': 'weather-cli/0.0.1'} {'q': 'Sao_Paulo', 'appid': '55629b6b8ff860e811eab1d623ba6da6', 'LIMIT': '1'}
2024-08-30 10:20:06,339 Request error: 401 Client Error: Unauthorized for url: http://api.openweathermap.org/geo/1.0/direct?q=Sao_Paulo&appid=55629b6b8ff860e811eab1d623ba6da6&LIMIT=1
2024-08-30 10:22:11,806 Request 200 http://api.openweathermap.org/geo/1.0/direct {'user-agent': 'weather-cli/0.0.1'} {'q': 'Sao_Paulo', 'appid': '5f81bf6cac5444a97edfcb4a94a1c10c', 'LIMIT': '1'}
2024-08-30 10:22:12,398 Request 200 https://api.openweathermap.org/data/3.0/onecall {'user-agent': 'weather-cli/0.0.1'} {'lat': -46.6333824, 'lon': -23.5506507, 'appid': '5f81bf6cac5444a97edfcb4a94a1c10c', 'units': 'metric', 'exclude': 'minutely,hourly,daily,alerts'}
2024-08-30 10:22:14,473 Using cached data - City Sao_Paulo
2024-08-30 10:22:14,474 Using cached data - Weather -46.6333824 -23.5506507
2024-08-30 10:22:21,822 Using cached data - City Sao_Paulo
2024-08-30 10:22:22,375 Request 200 https://api.openweathermap.org/data/3.0/onecall {'user-agent': 'weather-cli/0.0.1'} {'lat': -46.6333824, 'lon': -23.5506507, 'appid': '5f81bf6cac5444a97edfcb4a94a1c10c', 'units': 'metric', 'exclude': 'minutely,hourly,daily,alerts'}
2024-08-31 08:50:44,259 Request 200 http://api.openweathermap.org/geo/1.0/direct {'user-agent': 'weather-cli/0.0.1'} {'q': 'Sao_Paulo', 'appid': '5f81bf6cac5444a97edfcb4a94a1c10c', 'LIMIT': '1'}
2024-08-31 08:50:44,767 Request 200 https://api.openweathermap.org/data/3.0/onecall {'user-agent': 'weather-cli/0.0.1'} {'lat': -46.6333824, 'lon': -23.5506507, 'appid': '5f81bf6cac5444a97edfcb4a94a1c10c', 'units': 'metric', 'exclude': 'minutely,hourly,daily,alerts'}
2024-08-31 08:50:46,572 Using cached data - City Sao_Paulo
2024-08-31 08:50:46,572 Using cached data - Weather -46.6333824 -23.5506507
2024-09-03 08:02:52,350 Request 200 http://api.openweathermap.org/geo/1.0/direct {'user-agent': 'weather-cli/0.0.1'} {'q': 'Sao_Paulo', 'appid': '5f81bf6cac5444a97edfcb4a94a1c10c', 'LIMIT': '1'}
2024-09-03 08:02:52,862 Request 200 https://api.openweathermap.org/data/3.0/onecall {'user-agent': 'weather-cli/0.0.1'} {'lat': -46.6333824, 'lon': -23.5506507, 'appid': '5f81bf6cac5444a97edfcb4a94a1c10c', 'units': 'metric', 'exclude': 'minutely,hourly,daily,alerts'}
2024-09-03 08:02:59,367 Using cached data - City Sao_Paulo
2024-09-03 08:02:59,367 Using cached data - Weather -46.6333824 -23.5506507
2024-09-03 09:22:14,868 Request 200 http://api.openweathermap.org/geo/1.0/direct {'user-agent': 'weather-cli/0.0.1'} {'q': 'Sao_Paulo', 'appid': '5f81bf6cac5444a97edfcb4a94a1c10c', 'LIMIT': '1'}
2024-09-03 09:22:16,637 Request 200 https://api.openweathermap.org/data/3.0/onecall {'user-agent': 'weather-cli/0.0.1'} {'lat': -46.6333824, 'lon': -23.5506507, 'appid': '5f81bf6cac5444a97edfcb4a94a1c10c', 'units': 'metric', 'exclude': 'minutely,hourly,daily,alerts'}
2024-09-03 09:22:43,857 Using cached data - City Sao_Paulo
2024-09-03 09:22:44,400 Request 200 https://api.openweathermap.org/data/3.0/onecall {'user-agent': 'weather-cli/0.0.1'} {'lat': -46.6333824, 'lon': -23.5506507, 'appid': '5f81bf6cac5444a97edfcb4a94a1c10c', 'units': 'metric', 'exclude': 'minutely,hourly,daily,alerts'}
2024-09-03 09:22:45,890 Using cached data - City Sao_Paulo
2024-09-03 09:22:45,891 Using cached data - Weather -46.6333824 -23.5506507
2024-09-03 09:24:07,368 Request 200 http://api.openweathermap.org/geo/1.0/direct {'user-agent': 'weather-cli/0.0.1'} {'q': 'Sao_Paulo', 'appid': '5f81bf6cac5444a97edfcb4a94a1c10c', 'LIMIT': '1'}
2024-09-03 09:24:07,916 Request 200 https://api.openweathermap.org/data/3.0/onecall {'user-agent': 'weather-cli/0.0.1'} {'lat': -46.6333824, 'lon': -23.5506507, 'appid': '5f81bf6cac5444a97edfcb4a94a1c10c', 'units': 'metric', 'exclude': 'minutely,hourly,daily,alerts'}
2024-09-03 09:24:08,551 Using cached data - City Sao_Paulo
2024-09-03 09:24:08,552 Using cached data - Weather -46.6333824 -23.5506507
2024-09-03 09:24:13,244 Using cached data - City Sao_Paulo
2024-09-03 09:24:13,245 Using cached data - Weather -46.6333824 -23.5506507
2024-09-03 09:26:12,790 Request 200 http://api.openweathermap.org/geo/1.0/direct {'user-agent': 'weather-cli/0.0.1'} {'q': 'Sao_Paulo', 'appid': '5f81bf6cac5444a97edfcb4a94a1c10c', 'LIMIT': '1'}
2024-09-03 09:26:13,291 Request 200 https://api.openweathermap.org/data/3.0/onecall {'user-agent': 'weather-cli/0.0.1'} {'lat': -46.6333824, 'lon': -23.5506507, 'appid': '5f81bf6cac5444a97edfcb4a94a1c10c', 'units': 'metric', 'exclude': 'minutely,hourly,daily,alerts'}
2024-09-03 09:26:14,181 Using cached data - City Sao_Paulo
2024-09-03 09:26:14,181 Using cached data - Weather -46.6333824 -23.5506507
2024-09-03 09:26:23,031 Using cached data - City Sao_Paulo
2024-09-03 09:26:23,545 Request 200 https://api.openweathermap.org/data/3.0/onecall {'user-agent': 'weather-cli/0.0.1'} {'lat': -46.6333824, 'lon': -23.5506507, 'appid': '5f81bf6cac5444a97edfcb4a94a1c10c', 'units': 'metric', 'exclude': 'minutely,hourly,daily,alerts'}
2024-09-03 09:26:24,406 Using cached data - City Sao_Paulo
2024-09-03 09:26:24,407 Using cached data - Weather -46.6333824 -23.5506507
2024-09-03 09:26:26,239 Using cached data - City Sao_Paulo
2024-09-03 09:26:26,239 Using cached data - Weather -46.6333824 -23.5506507
2024-09-03 09:26:27,349 Using cached data - City Sao_Paulo
2024-09-03 09:26:27,350 Using cached data - Weather -46.6333824 -23.5506507
2024-09-03 09:26:28,119 Using cached data - City Sao_Paulo
2024-09-03 09:26:28,120 Using cached data - Weather -46.6333824 -23.5506507
2024-09-03 09:26:28,711 Using cached data - City Sao_Paulo
2024-09-03 09:26:28,711 Using cached data - Weather -46.6333824 -23.5506507
2024-09-03 09:26:29,114 Using cached data - City Sao_Paulo
2024-09-03 09:26:29,115 Using cached data - Weather -46.6333824 -23.5506507
2024-09-03 09:26:29,717 Using cached data - City Sao_Paulo
2024-09-03 09:26:29,718 Using cached data - Weather -46.6333824 -23.5506507
2024-09-03 09:26:35,944 Using cached data - City Sao_Paulo
2024-09-03 09:26:36,422 Request 200 https://api.openweathermap.org/data/3.0/onecall {'user-agent': 'weather-cli/0.0.1'} {'lat': -46.6333824, 'lon': -23.5506507, 'appid': '5f81bf6cac5444a97edfcb4a94a1c10c', 'units': 'metric', 'exclude': 'minutely,hourly,daily,alerts'}
2024-09-03 09:26:46,689 Using cached data - City Sao_Paulo
2024-09-03 09:26:48,332 Request 200 https://api.openweathermap.org/data/3.0/onecall {'user-agent': 'weather-cli/0.0.1'} {'lat': -46.6333824, 'lon': -23.5506507, 'appid': '5f81bf6cac5444a97edfcb4a94a1c10c', 'units': 'metric', 'exclude': 'minutely,hourly,daily,alerts'}
2024-09-03 09:28:01,467 Request 200 http://api.openweathermap.org/geo/1.0/direct {'user-agent': 'weather-cli/0.0.1'} {'q': 'Sao_Paulo', 'appid': '5f81bf6cac5444a97edfcb4a94a1c10c', 'LIMIT': '1'}
2024-09-03 09:28:02,128 Request 200 https://api.openweathermap.org/data/3.0/onecall {'user-agent': 'weather-cli/0.0.1'} {'lat': -46.6333824, 'lon': -23.5506507, 'appid': '5f81bf6cac5444a97edfcb4a94a1c10c', 'units': 'metric', 'exclude': 'minutely,hourly,daily,alerts'}
2024-09-03 09:28:06,362 Using cached data - City Sao_Paulo
2024-09-03 09:28:06,363 Using cached data - Weather -46.6333824 -23.5506507
2024-09-03 09:30:33,402 Request 200 http://api.openweathermap.org/geo/1.0/direct {'user-agent': 'weather-cli/0.0.1'} {'q': 'Sao_Paulo', 'appid': '5f81bf6cac5444a97edfcb4a94a1c10c', 'LIMIT': '1'}
2024-09-03 09:30:34,032 Request 200 https://api.openweathermap.org/data/3.0/onecall {'user-agent': 'weather-cli/0.0.1'} {'lat': -46.6333824, 'lon': -23.5506507, 'appid': '5f81bf6cac5444a97edfcb4a94a1c10c', 'units': 'metric', 'exclude': 'minutely,hourly,daily,alerts'}
2024-09-03 09:30:37,944 Using cached data - City Sao_Paulo
2024-09-03 09:30:37,945 Using cached data - Weather -46.6333824 -23.5506507
2024-09-03 09:30:39,414 Using cached data - City Sao_Paulo
2024-09-03 09:30:39,414 Using cached data - Weather -46.6333824 -23.5506507
2024-09-03 09:30:40,019 Using cached data - City Sao_Paulo
2024-09-03 09:30:40,020 Using cached data - Weather -46.6333824 -23.5506507
2024-09-03 09:31:34,674 Request 200 http://api.openweathermap.org/geo/1.0/direct {'user-agent': 'weather-cli/0.0.1'} {'q': 'Sao_Paulo', 'appid': '5f81bf6cac5444a97edfcb4a94a1c10c', 'LIMIT': '1'}
2024-09-03 09:31:35,182 Request 200 https://api.openweathermap.org/data/3.0/onecall {'user-agent': 'weather-cli/0.0.1'} {'lat': -46.6333824, 'lon': -23.5506507, 'appid': '5f81bf6cac5444a97edfcb4a94a1c10c', 'units': 'metric', 'exclude': 'minutely,hourly,daily,alerts'}
2024-09-03 09:31:45,699 Using cached data - City Sao_Paulo
2024-09-03 09:31:46,261 Request 200 https://api.openweathermap.org/data/3.0/onecall {'user-agent': 'weather-cli/0.0.1'} {'lat': -46.6333824, 'lon': -23.5506507, 'appid': '5f81bf6cac5444a97edfcb4a94a1c10c', 'units': 'metric', 'exclude': 'minutely,hourly,daily,alerts'}
2024-09-03 09:31:49,843 Using cached data - City Sao_Paulo
2024-09-03 09:31:49,843 Using cached data - Weather -46.6333824 -23.5506507
2024-09-03 09:31:50,890 Using cached data - City Sao_Paulo
2024-09-03 09:31:50,891 Using cached data - Weather -46.6333824 -23.5506507
2024-09-03 09:31:51,609 Using cached data - City Sao_Paulo
2024-09-03 09:31:51,610 Using cached data - Weather -46.6333824 -23.5506507
2024-09-03 09:31:52,285 Using cached data - City Sao_Paulo
2024-09-03 09:31:52,286 Using cached data - Weather -46.6333824 -23.5506507
2024-09-03 09:31:52,924 Using cached data - City Sao_Paulo
2024-09-03 09:31:52,925 Using cached data - Weather -46.6333824 -23.5506507
2024-09-03 09:31:53,498 Using cached data - City Sao_Paulo
2024-09-03 09:31:53,499 Using cached data - Weather -46.6333824 -23.5506507
2024-09-03 09:31:54,067 Using cached data - City Sao_Paulo
2024-09-03 09:31:54,068 Using cached data - Weather -46.6333824 -23.5506507
2024-09-03 09:31:54,612 Using cached data - City Sao_Paulo
2024-09-03 09:31:54,612 Using cached data - Weather -46.6333824 -23.5506507
2024-09-03 09:31:55,137 Using cached data - City Sao_Paulo
2024-09-03 09:31:55,137 Using cached data - Weather -46.6333824 -23.5506507
